<?xml version="1.0" encoding="UTF-8"?>
<!-- Generated by org.testng.reporters.JUnitReportReporter -->
<testsuite skipped="0" hostname="ATMECSINLT-269" name="com.inetbanking.testcases.TC_AddCustomer_001" tests="1" failures="0" timestamp="06 Feb 2020 07:12:39 GMT" time="7.256" errors="0">
  <testcase name="addCustomerLink" time="7.256" classname="com.inetbanking.testcases.TC_AddCustomer_001"/>
</testsuite> <!-- com.inetbanking.testcases.TC_AddCustomer_001 -->
