<?xml version="1.0" encoding="UTF-8"?>
<!-- Generated by org.testng.reporters.JUnitReportReporter -->
<testsuite skipped="0" hostname="ATMECSINLT-269" name="com.inetbanking.testcases.TC_AddCustomer_001" tests="1" failures="0" timestamp="11 Feb 2020 11:52:44 GMT" time="31.487" errors="0">
  <testcase name="addCustomerLink" time="31.487" classname="com.inetbanking.testcases.TC_AddCustomer_001"/>
</testsuite> <!-- com.inetbanking.testcases.TC_AddCustomer_001 -->
